<?xml version="1.0" encoding="UTF-8"?>
<testng-results ignored="0" total="1" passed="1" failed="0" skipped="0">
  <reporter-output>
  </reporter-output>
  <suite started-at="2023-04-06T21:47:34 EDT" name="Default suite" finished-at="2023-04-06T21:47:38 EDT" duration-ms="4329">
    <groups>
      <group name="cucumber">
        <method signature="AbstractTestNGCucumberTests.runScenario(io.cucumber.testng.PickleWrapper,io.cucumber.testng.FeatureWrapper)[pri:0, instance:com.saucedemo.testscripts.TestRunner@5158b42f]" name="runScenario" class="io.cucumber.testng.AbstractTestNGCucumberTests"/>
      </group> <!-- cucumber -->
    </groups>
    <test started-at="2023-04-06T21:47:34 EDT" name="Default test" finished-at="2023-04-06T21:47:38 EDT" duration-ms="4329">
      <class name="com.saucedemo.testscripts.TestRunner">
        <test-method is-config="true" signature="setUpClass(org.testng.ITestContext)[pri:0, instance:com.saucedemo.testscripts.TestRunner@5158b42f]" started-at="2023-04-06T21:47:34 EDT" name="setUpClass" finished-at="2023-04-06T21:47:34 EDT" duration-ms="166" status="PASS">
          <params>
            <param index="0">
              <value>
                <![CDATA[org.testng.TestRunner@5e1d03d7]]>
              </value>
            </param>
          </params>
          <reporter-output>
          </reporter-output>
        </test-method> <!-- setUpClass -->
        <test-method signature="runScenario(io.cucumber.testng.PickleWrapper,io.cucumber.testng.FeatureWrapper)[pri:0, instance:com.saucedemo.testscripts.TestRunner@5158b42f]" started-at="2023-04-06T21:47:34 EDT" name="runScenario" description="Runs Cucumber Scenarios" data-provider="scenarios" finished-at="2023-04-06T21:47:38 EDT" duration-ms="4132" status="PASS">
          <params>
            <param index="0">
              <value>
                <![CDATA["Verify the success message after purchasing the items"]]>
              </value>
            </param>
            <param index="1">
              <value>
                <![CDATA["Optional[Testing fifth assignment]"]]>
              </value>
            </param>
          </params>
          <reporter-output>
          </reporter-output>
        </test-method> <!-- runScenario -->
        <test-method is-config="true" signature="tearDownClass()[pri:0, instance:com.saucedemo.testscripts.TestRunner@5158b42f]" started-at="2023-04-06T21:47:38 EDT" name="tearDownClass" finished-at="2023-04-06T21:47:38 EDT" duration-ms="6" status="PASS">
          <reporter-output>
          </reporter-output>
        </test-method> <!-- tearDownClass -->
      </class> <!-- com.saucedemo.testscripts.TestRunner -->
    </test> <!-- Default test -->
  </suite> <!-- Default suite -->
</testng-results>
