<?xml version="1.0" encoding="UTF-8"?>
<testng-results ignored="0" total="1" passed="1" failed="0" skipped="0">
  <reporter-output>
  </reporter-output>
  <suite started-at="2023-04-05T23:30:02 EDT" name="Default suite" finished-at="2023-04-05T23:30:05 EDT" duration-ms="3377">
    <groups>
    </groups>
    <test started-at="2023-04-05T23:30:02 EDT" name="Default test" finished-at="2023-04-05T23:30:05 EDT" duration-ms="3377">
      <class name="com.saucedemo.testscripts.BuyProductTest">
        <test-method is-config="true" signature="buyProductTest()[pri:0, instance:com.saucedemo.testscripts.BuyProductTest@3349e9bb]" started-at="2023-04-05T23:30:02 EDT" name="buyProductTest" finished-at="2023-04-05T23:30:04 EDT" duration-ms="2254" status="PASS">
          <reporter-output>
          </reporter-output>
        </test-method> <!-- buyProductTest -->
        <test-method signature="buyProduct()[pri:0, instance:com.saucedemo.testscripts.BuyProductTest@3349e9bb]" started-at="2023-04-05T23:30:04 EDT" name="buyProduct" finished-at="2023-04-05T23:30:05 EDT" duration-ms="900" status="PASS">
          <reporter-output>
          </reporter-output>
        </test-method> <!-- buyProduct -->
        <test-method is-config="true" signature="closeBrowser()[pri:0, instance:com.saucedemo.testscripts.BuyProductTest@3349e9bb]" started-at="2023-04-05T23:30:05 EDT" name="closeBrowser" finished-at="2023-04-05T23:30:05 EDT" duration-ms="192" status="PASS">
          <reporter-output>
          </reporter-output>
        </test-method> <!-- closeBrowser -->
      </class> <!-- com.saucedemo.testscripts.BuyProductTest -->
    </test> <!-- Default test -->
  </suite> <!-- Default suite -->
</testng-results>
