<?xml version="1.0" encoding="UTF-8"?>
<!-- Generated by org.testng.reporters.JUnitXMLReporter -->
<testsuite ignored="0" hostname="LAPTOP-NOVJUDVT" failures="0" tests="5" name="Test" time="13.874" errors="0" timestamp="2023-04-05T22:33:14 EDT">
  <testcase classname="com.saucedemo.testscripts.BuyProductTest" name="buyProduct" time="1.285"/>
  <testcase classname="com.saucedemo.testscripts.FifthScenarioTest" name="FifthscenarioTest" time="1.258"/>
  <testcase classname="com.saucedemo.testscripts.FourthScenarioTest" name="ForthScenarioTest" time="0.886"/>
  <testcase classname="com.saucedemo.testscripts.SecondScenarioTest" name="Scenario2" time="0.28"/>
  <testcase classname="com.saucedemo.testscripts.ThirdScenarioTest" name="ThirdscenarioTest" time="0.719"/>
</testsuite> <!-- Test -->
